Command line:
   Top_isim_beh.exe
     -simmode  gui
     -simrunnum  0
     -socket  29233

Tue May 10 22:26:24 2016


 Elaboration Time: 0.03125 sec

 Current Memory Usage: 838.357 Meg

 Total Signals          : 62
 Total Nets             : 660
 Total Signal Drivers   : 46
 Total Blocks           : 11
 Total Primitive Blocks : 10
 Total Processes        : 61
 Total Traceable Variables  : 76
 Total Scalar Nets and Variables : 10698
Total Line Count : 260

 Total Simulation Time: 0.03125 sec

 Current Memory Usage: 838.357 Meg

Tue May 10 22:26:26 2016

