ISim log file
Running: C:\Users\mpape\Documents\GitHub\Processors\Multiple Cycle\TopSim_isim_beh.exe -intstyle ise -gui -tclbatch isim.cmd -wdb C:/Users/mpape/Documents/GitHub/Processors/Multiple Cycle/TopSim_isim_beh.wdb 
ISim P.28xd (signature 0xa0883be4)
----------------------------------------------------------------------
INFO:Security:50 - The XILINXD_LICENSE_FILE environment variable is set to 'D:\Downloads\xlinx\Xilinx.lic'.
INFO:Security:53 - The LM_LICENSE_FILE environment variable is not set.
INFO:Security:68a - user is mpape, on host MARTIN-PC.
WARNING:Security:43 - No license file was found in the standard Xilinx license directory.
WARNING:Security:44 - Since no license file was found,
       please run the Xilinx License Configuration Manager
       (xlcm or "Manage Xilinx Licenses")
       to assist in obtaining a license.
ERROR:Security:14 - No feature was available for 'ISIM'.

No such feature exists.
Feature:       ISIM
License path:  C:/.Xilinx;C:\Xilinx\14.2\ISE_DS\ISE\/coregen/core_licenses\Xilinx.lic;C:\Xilinx\14.2\ISE_DS\ISE\/coregen/core_licenses\XilinxFree.lic;C:\Xilinx\14.2\ISE_DS\EDK/data/core_licenses\Xilinx.lic;D:\Downloads\xlinx\Xilinx.lic;
FLEXnet Licensing error:-5,357
For further information, refer to the FLEXnet Licensing documentation,
available at "www.acresso.com".
----------------------------------------------------------------------
WARNING: A full ISim License cannot be checked out due to the issues listed above. Please use Xilinx License Configuration Manager to fix these issues in order to check out a full ISim license.
WARNING: ISim will run in Lite mode. Please refer to the ISim documentation for more information on the differences between the Lite and the Full version.
This is a Lite version of ISim.
Time resolution is 1 ps
# onerror resume
# wave add /
# run 1000 ns
Simulator is doing circuit initialization process.
Finished circuit initialization process.
# restart
# run all
Simulator is doing circuit initialization process.
Finished circuit initialization process.
Stopped at time : 20622926 ns : File "C:/Users/mpape/Documents/GitHub/Processors/Multiple Cycle/Top.v" Line 152
